2025-03-21 11:28:56 INFO  c.e.o.OnlineBookstoreApplication - Starting OnlineBookstoreApplication using Java 23.0.2 with PID 29252 (C:\Users\Pavan K S\Desktop\online-bookstore\online-bookstore\target\classes started by Pavan K S in C:\Users\Pavan K S\Desktop\online-bookstore)
2025-03-21 11:28:56 INFO  c.e.o.OnlineBookstoreApplication - No active profile set, falling back to 1 default profile: "default"
2025-03-21 11:28:58 INFO  o.s.d.r.c.RepositoryConfigurationDelegate - Bootstrapping Spring Data JPA repositories in DEFAULT mode.
2025-03-21 11:28:58 INFO  o.s.d.r.c.RepositoryConfigurationDelegate - Finished Spring Data repository scanning in 79 ms. Found 1 JPA repository interface.
2025-03-21 11:28:59 INFO  o.s.b.w.e.tomcat.TomcatWebServer - Tomcat initialized with port 8080 (http)
2025-03-21 11:28:59 INFO  o.a.coyote.http11.Http11NioProtocol - Initializing ProtocolHandler ["http-nio-8080"]
2025-03-21 11:28:59 INFO  o.a.catalina.core.StandardService - Starting service [Tomcat]
2025-03-21 11:28:59 INFO  o.a.catalina.core.StandardEngine - Starting Servlet engine: [Apache Tomcat/10.1.36]
2025-03-21 11:28:59 INFO  o.a.c.c.C.[Tomcat].[localhost].[/] - Initializing Spring embedded WebApplicationContext
2025-03-21 11:28:59 INFO  o.s.b.w.s.c.ServletWebServerApplicationContext - Root WebApplicationContext: initialization completed in 3738 ms
2025-03-21 11:29:00 INFO  o.h.jpa.internal.util.LogHelper - HHH000204: Processing PersistenceUnitInfo [name: default]
2025-03-21 11:29:00 INFO  org.hibernate.Version - HHH000412: Hibernate ORM core version 6.6.8.Final
2025-03-21 11:29:00 INFO  o.h.c.i.RegionFactoryInitiator - HHH000026: Second-level cache disabled
2025-03-21 11:29:01 INFO  o.s.o.j.p.SpringPersistenceUnitInfo - No LoadTimeWeaver setup: ignoring JPA class transformer
2025-03-21 11:29:01 INFO  com.zaxxer.hikari.HikariDataSource - HikariPool-1 - Starting...
2025-03-21 11:29:02 INFO  com.zaxxer.hikari.pool.HikariPool - HikariPool-1 - Added connection com.mysql.cj.jdbc.ConnectionImpl@c6244e7
2025-03-21 11:29:02 INFO  com.zaxxer.hikari.HikariDataSource - HikariPool-1 - Start completed.
2025-03-21 11:29:02 WARN  org.hibernate.orm.deprecation - HHH90000025: MySQL8Dialect does not need to be specified explicitly using 'hibernate.dialect' (remove the property setting and it will be selected by default)
2025-03-21 11:29:02 WARN  org.hibernate.orm.deprecation - HHH90000026: MySQL8Dialect has been deprecated; use org.hibernate.dialect.MySQLDialect instead
2025-03-21 11:29:02 INFO  o.hibernate.orm.connections.pooling - HHH10001005: Database info:
	Database JDBC URL [Connecting through datasource 'HikariDataSource (HikariPool-1)']
	Database driver: undefined/unknown
	Database version: 8.0
	Autocommit mode: undefined/unknown
	Isolation level: undefined/unknown
	Minimum pool size: undefined/unknown
	Maximum pool size: undefined/unknown
2025-03-21 11:29:03 INFO  o.h.e.t.j.p.i.JtaPlatformInitiator - HHH000489: No JTA platform available (set 'hibernate.transaction.jta.platform' to enable JTA platform integration)
2025-03-21 11:29:04 INFO  o.s.o.j.LocalContainerEntityManagerFactoryBean - Initialized JPA EntityManagerFactory for persistence unit 'default'
2025-03-21 11:29:04 WARN  o.s.b.a.o.j.JpaBaseConfiguration$JpaWebConfiguration - spring.jpa.open-in-view is enabled by default. Therefore, database queries may be performed during view rendering. Explicitly configure spring.jpa.open-in-view to disable this warning
2025-03-21 11:29:06 INFO  o.s.b.a.e.web.EndpointLinksResolver - Exposing 15 endpoints beneath base path '/actuator'
2025-03-21 11:29:06 INFO  o.a.coyote.http11.Http11NioProtocol - Starting ProtocolHandler ["http-nio-8080"]
2025-03-21 11:29:06 INFO  o.s.b.w.e.tomcat.TomcatWebServer - Tomcat started on port 8080 (http) with context path '/'
2025-03-21 11:29:06 INFO  c.e.o.OnlineBookstoreApplication - Started OnlineBookstoreApplication in 11.109 seconds (process running for 11.892)
2025-03-21 11:31:57 INFO  o.a.c.c.C.[Tomcat].[localhost].[/] - Initializing Spring DispatcherServlet 'dispatcherServlet'
2025-03-21 11:31:57 INFO  o.s.web.servlet.DispatcherServlet - Initializing Servlet 'dispatcherServlet'
2025-03-21 11:31:58 INFO  o.s.web.servlet.DispatcherServlet - Completed initialization in 95 ms
2025-03-21 11:31:58 INFO  c.e.o.service.BookService - Adding a new book: Clean Code
2025-03-21 11:31:59 INFO  c.e.o.aspect.ExecutionTimeAspect - Book com.example.online_bookstore.service.BookService.addBook(Book) executed in 563 ms
2025-03-21 11:40:19 INFO  c.e.o.service.BookService - Fetching book with id 1
2025-03-21 11:40:19 INFO  c.e.o.aspect.ExecutionTimeAspect - Optional com.example.online_bookstore.service.BookService.getBookById(Long) executed in 504 ms
2025-03-21 11:40:31 INFO  c.e.o.service.BookService - Fetching book with id 1
2025-03-21 11:40:31 INFO  c.e.o.aspect.ExecutionTimeAspect - Optional com.example.online_bookstore.service.BookService.getBookById(Long) executed in 12 ms
2025-03-21 11:42:15 INFO  c.e.o.service.BookService - Fetching book with id 1
2025-03-21 11:42:15 INFO  c.e.o.aspect.ExecutionTimeAspect - Optional com.example.online_bookstore.service.BookService.getBookById(Long) executed in 14 ms
2025-03-21 11:42:20 INFO  o.s.b.w.e.tomcat.GracefulShutdown - Commencing graceful shutdown. Waiting for active requests to complete
2025-03-21 11:42:20 INFO  o.s.b.w.e.tomcat.GracefulShutdown - Graceful shutdown complete
2025-03-21 11:42:20 INFO  o.s.o.j.LocalContainerEntityManagerFactoryBean - Closing JPA EntityManagerFactory for persistence unit 'default'
2025-03-21 11:42:20 INFO  com.zaxxer.hikari.HikariDataSource - HikariPool-1 - Shutdown initiated...
2025-03-21 11:42:21 INFO  com.zaxxer.hikari.HikariDataSource - HikariPool-1 - Shutdown completed.
2025-03-21 11:42:34 INFO  c.e.o.OnlineBookstoreApplication - Starting OnlineBookstoreApplication using Java 23.0.2 with PID 26900 (C:\Users\Pavan K S\Desktop\online-bookstore\online-bookstore\target\classes started by Pavan K S in C:\Users\Pavan K S\Desktop\online-bookstore)
2025-03-21 11:42:34 INFO  c.e.o.OnlineBookstoreApplication - No active profile set, falling back to 1 default profile: "default"
2025-03-21 11:42:36 INFO  o.s.d.r.c.RepositoryConfigurationDelegate - Bootstrapping Spring Data JPA repositories in DEFAULT mode.
2025-03-21 11:42:36 INFO  o.s.d.r.c.RepositoryConfigurationDelegate - Finished Spring Data repository scanning in 75 ms. Found 1 JPA repository interface.
2025-03-21 11:42:38 INFO  o.s.b.w.e.tomcat.TomcatWebServer - Tomcat initialized with port 8080 (http)
2025-03-21 11:42:38 INFO  o.a.coyote.http11.Http11NioProtocol - Initializing ProtocolHandler ["http-nio-8080"]
2025-03-21 11:42:38 INFO  o.a.catalina.core.StandardService - Starting service [Tomcat]
2025-03-21 11:42:38 INFO  o.a.catalina.core.StandardEngine - Starting Servlet engine: [Apache Tomcat/10.1.36]
2025-03-21 11:42:38 INFO  o.a.c.c.C.[Tomcat].[localhost].[/] - Initializing Spring embedded WebApplicationContext
2025-03-21 11:42:38 INFO  o.s.b.w.s.c.ServletWebServerApplicationContext - Root WebApplicationContext: initialization completed in 4012 ms
2025-03-21 11:42:39 INFO  o.h.jpa.internal.util.LogHelper - HHH000204: Processing PersistenceUnitInfo [name: default]
2025-03-21 11:42:39 INFO  org.hibernate.Version - HHH000412: Hibernate ORM core version 6.6.8.Final
2025-03-21 11:42:39 INFO  o.h.c.i.RegionFactoryInitiator - HHH000026: Second-level cache disabled
2025-03-21 11:42:40 INFO  o.s.o.j.p.SpringPersistenceUnitInfo - No LoadTimeWeaver setup: ignoring JPA class transformer
2025-03-21 11:42:40 INFO  com.zaxxer.hikari.HikariDataSource - HikariPool-1 - Starting...
2025-03-21 11:42:40 INFO  com.zaxxer.hikari.pool.HikariPool - HikariPool-1 - Added connection com.mysql.cj.jdbc.ConnectionImpl@4e030feb
2025-03-21 11:42:40 INFO  com.zaxxer.hikari.HikariDataSource - HikariPool-1 - Start completed.
2025-03-21 11:42:40 WARN  org.hibernate.orm.deprecation - HHH90000025: MySQL8Dialect does not need to be specified explicitly using 'hibernate.dialect' (remove the property setting and it will be selected by default)
2025-03-21 11:42:40 WARN  org.hibernate.orm.deprecation - HHH90000026: MySQL8Dialect has been deprecated; use org.hibernate.dialect.MySQLDialect instead
2025-03-21 11:42:40 INFO  o.hibernate.orm.connections.pooling - HHH10001005: Database info:
	Database JDBC URL [Connecting through datasource 'HikariDataSource (HikariPool-1)']
	Database driver: undefined/unknown
	Database version: 8.0
	Autocommit mode: undefined/unknown
	Isolation level: undefined/unknown
	Minimum pool size: undefined/unknown
	Maximum pool size: undefined/unknown
2025-03-21 11:42:42 INFO  o.h.e.t.j.p.i.JtaPlatformInitiator - HHH000489: No JTA platform available (set 'hibernate.transaction.jta.platform' to enable JTA platform integration)
2025-03-21 11:42:42 INFO  o.s.o.j.LocalContainerEntityManagerFactoryBean - Initialized JPA EntityManagerFactory for persistence unit 'default'
2025-03-21 11:42:43 WARN  o.s.b.a.o.j.JpaBaseConfiguration$JpaWebConfiguration - spring.jpa.open-in-view is enabled by default. Therefore, database queries may be performed during view rendering. Explicitly configure spring.jpa.open-in-view to disable this warning
2025-03-21 11:42:45 INFO  o.s.b.a.e.web.EndpointLinksResolver - Exposing 15 endpoints beneath base path '/actuator'
2025-03-21 11:42:45 INFO  o.a.coyote.http11.Http11NioProtocol - Starting ProtocolHandler ["http-nio-8080"]
2025-03-21 11:42:45 INFO  o.s.b.w.e.tomcat.TomcatWebServer - Tomcat started on port 8080 (http) with context path '/'
2025-03-21 11:42:45 INFO  c.e.o.OnlineBookstoreApplication - Started OnlineBookstoreApplication in 12.31 seconds (process running for 13.704)
2025-03-21 11:43:13 INFO  o.a.c.c.C.[Tomcat].[localhost].[/] - Initializing Spring DispatcherServlet 'dispatcherServlet'
2025-03-21 11:43:13 INFO  o.s.web.servlet.DispatcherServlet - Initializing Servlet 'dispatcherServlet'
2025-03-21 11:43:13 INFO  o.s.web.servlet.DispatcherServlet - Completed initialization in 1 ms
2025-03-21 11:43:13 INFO  c.e.o.service.BookService - Fetching all books
2025-03-21 11:43:14 INFO  c.e.o.aspect.ExecutionTimeAspect - List com.example.online_bookstore.service.BookService.getAllBooks() executed in 546 ms
2025-03-21 11:43:57 INFO  c.e.o.service.BookService - Fetching book with id 1
2025-03-21 11:43:57 INFO  c.e.o.aspect.ExecutionTimeAspect - Optional com.example.online_bookstore.service.BookService.getBookById(Long) executed in 51 ms
2025-03-21 11:44:33 INFO  c.e.o.service.BookService - Fetching all books
2025-03-21 11:44:33 INFO  c.e.o.aspect.ExecutionTimeAspect - List com.example.online_bookstore.service.BookService.getAllBooks() executed in 17 ms
2025-03-21 11:49:43 INFO  o.s.b.w.e.tomcat.GracefulShutdown - Commencing graceful shutdown. Waiting for active requests to complete
2025-03-21 11:49:43 INFO  o.s.b.w.e.tomcat.GracefulShutdown - Graceful shutdown complete
2025-03-21 11:49:44 INFO  o.s.o.j.LocalContainerEntityManagerFactoryBean - Closing JPA EntityManagerFactory for persistence unit 'default'
2025-03-21 11:49:44 INFO  com.zaxxer.hikari.HikariDataSource - HikariPool-1 - Shutdown initiated...
2025-03-21 11:49:44 INFO  com.zaxxer.hikari.HikariDataSource - HikariPool-1 - Shutdown completed.
2025-03-21 11:49:56 INFO  c.e.o.OnlineBookstoreApplication - Starting OnlineBookstoreApplication using Java 23.0.2 with PID 36372 (C:\Users\Pavan K S\Desktop\online-bookstore\online-bookstore\target\classes started by Pavan K S in C:\Users\Pavan K S\Desktop\online-bookstore)
2025-03-21 11:49:56 INFO  c.e.o.OnlineBookstoreApplication - No active profile set, falling back to 1 default profile: "default"
2025-03-21 11:49:59 INFO  o.s.d.r.c.RepositoryConfigurationDelegate - Bootstrapping Spring Data JPA repositories in DEFAULT mode.
2025-03-21 11:50:00 INFO  o.s.d.r.c.RepositoryConfigurationDelegate - Finished Spring Data repository scanning in 130 ms. Found 1 JPA repository interface.
2025-03-21 11:50:02 INFO  o.s.b.w.e.tomcat.TomcatWebServer - Tomcat initialized with port 8080 (http)
2025-03-21 11:50:02 INFO  o.a.coyote.http11.Http11NioProtocol - Initializing ProtocolHandler ["http-nio-8080"]
2025-03-21 11:50:02 INFO  o.a.catalina.core.StandardService - Starting service [Tomcat]
2025-03-21 11:50:02 INFO  o.a.catalina.core.StandardEngine - Starting Servlet engine: [Apache Tomcat/10.1.36]
2025-03-21 11:50:02 INFO  o.a.c.c.C.[Tomcat].[localhost].[/] - Initializing Spring embedded WebApplicationContext
2025-03-21 11:50:02 INFO  o.s.b.w.s.c.ServletWebServerApplicationContext - Root WebApplicationContext: initialization completed in 5812 ms
2025-03-21 11:50:04 INFO  o.h.jpa.internal.util.LogHelper - HHH000204: Processing PersistenceUnitInfo [name: default]
2025-03-21 11:50:04 INFO  org.hibernate.Version - HHH000412: Hibernate ORM core version 6.6.8.Final
2025-03-21 11:50:04 INFO  o.h.c.i.RegionFactoryInitiator - HHH000026: Second-level cache disabled
2025-03-21 11:50:05 INFO  o.s.o.j.p.SpringPersistenceUnitInfo - No LoadTimeWeaver setup: ignoring JPA class transformer
2025-03-21 11:50:05 INFO  com.zaxxer.hikari.HikariDataSource - HikariPool-1 - Starting...
2025-03-21 11:50:06 INFO  com.zaxxer.hikari.pool.HikariPool - HikariPool-1 - Added connection com.mysql.cj.jdbc.ConnectionImpl@4a3509b0
2025-03-21 11:50:06 INFO  com.zaxxer.hikari.HikariDataSource - HikariPool-1 - Start completed.
2025-03-21 11:50:06 WARN  org.hibernate.orm.deprecation - HHH90000025: MySQL8Dialect does not need to be specified explicitly using 'hibernate.dialect' (remove the property setting and it will be selected by default)
2025-03-21 11:50:06 WARN  org.hibernate.orm.deprecation - HHH90000026: MySQL8Dialect has been deprecated; use org.hibernate.dialect.MySQLDialect instead
2025-03-21 11:50:06 INFO  o.hibernate.orm.connections.pooling - HHH10001005: Database info:
	Database JDBC URL [Connecting through datasource 'HikariDataSource (HikariPool-1)']
	Database driver: undefined/unknown
	Database version: 8.0
	Autocommit mode: undefined/unknown
	Isolation level: undefined/unknown
	Minimum pool size: undefined/unknown
	Maximum pool size: undefined/unknown
2025-03-21 11:50:08 INFO  o.h.e.t.j.p.i.JtaPlatformInitiator - HHH000489: No JTA platform available (set 'hibernate.transaction.jta.platform' to enable JTA platform integration)
2025-03-21 11:50:09 INFO  o.s.o.j.LocalContainerEntityManagerFactoryBean - Initialized JPA EntityManagerFactory for persistence unit 'default'
2025-03-21 11:50:10 WARN  o.s.b.a.o.j.JpaBaseConfiguration$JpaWebConfiguration - spring.jpa.open-in-view is enabled by default. Therefore, database queries may be performed during view rendering. Explicitly configure spring.jpa.open-in-view to disable this warning
2025-03-21 11:50:13 INFO  o.s.b.a.e.web.EndpointLinksResolver - Exposing 15 endpoints beneath base path '/actuator'
2025-03-21 11:50:13 INFO  o.a.coyote.http11.Http11NioProtocol - Starting ProtocolHandler ["http-nio-8080"]
2025-03-21 11:50:13 INFO  o.s.b.w.e.tomcat.TomcatWebServer - Tomcat started on port 8080 (http) with context path '/'
2025-03-21 11:50:13 INFO  c.e.o.OnlineBookstoreApplication - Started OnlineBookstoreApplication in 18.613 seconds (process running for 19.886)
2025-03-21 11:50:13 INFO  o.a.c.c.C.[Tomcat].[localhost].[/] - Initializing Spring DispatcherServlet 'dispatcherServlet'
2025-03-21 11:50:13 INFO  o.s.web.servlet.DispatcherServlet - Initializing Servlet 'dispatcherServlet'
2025-03-21 11:50:13 INFO  o.s.web.servlet.DispatcherServlet - Completed initialization in 1 ms
2025-03-21 11:50:13 INFO  c.e.o.controller.BookController - Fetching all books...
2025-03-21 11:50:13 INFO  c.e.o.service.BookService - Fetching all books
2025-03-21 11:50:14 INFO  c.e.o.aspect.ExecutionTimeAspect - List com.example.online_bookstore.service.BookService.getAllBooks() executed in 387 ms
2025-03-21 11:50:59 INFO  c.e.o.controller.BookController - Fetching all books...
2025-03-21 11:50:59 INFO  c.e.o.service.BookService - Fetching all books
2025-03-21 11:50:59 INFO  c.e.o.aspect.ExecutionTimeAspect - List com.example.online_bookstore.service.BookService.getAllBooks() executed in 13 ms
2025-03-21 11:59:08 INFO  o.s.b.w.e.tomcat.GracefulShutdown - Commencing graceful shutdown. Waiting for active requests to complete
2025-03-21 11:59:08 INFO  o.s.b.w.e.tomcat.GracefulShutdown - Graceful shutdown complete
2025-03-21 11:59:08 INFO  o.s.o.j.LocalContainerEntityManagerFactoryBean - Closing JPA EntityManagerFactory for persistence unit 'default'
2025-03-21 11:59:08 INFO  com.zaxxer.hikari.HikariDataSource - HikariPool-1 - Shutdown initiated...
2025-03-21 11:59:08 INFO  com.zaxxer.hikari.HikariDataSource - HikariPool-1 - Shutdown completed.
2025-03-21 11:59:15 INFO  c.e.o.OnlineBookstoreApplication - Starting OnlineBookstoreApplication using Java 23.0.2 with PID 35744 (C:\Users\Pavan K S\Desktop\online-bookstore\online-bookstore\target\classes started by Pavan K S in C:\Users\Pavan K S\Desktop\online-bookstore)
2025-03-21 11:59:15 INFO  c.e.o.OnlineBookstoreApplication - No active profile set, falling back to 1 default profile: "default"
2025-03-21 11:59:18 INFO  o.s.d.r.c.RepositoryConfigurationDelegate - Bootstrapping Spring Data JPA repositories in DEFAULT mode.
2025-03-21 11:59:18 INFO  o.s.d.r.c.RepositoryConfigurationDelegate - Finished Spring Data repository scanning in 126 ms. Found 1 JPA repository interface.
2025-03-21 11:59:22 INFO  o.s.b.w.e.tomcat.TomcatWebServer - Tomcat initialized with port 8080 (http)
2025-03-21 11:59:22 INFO  o.a.coyote.http11.Http11NioProtocol - Initializing ProtocolHandler ["http-nio-8080"]
2025-03-21 11:59:22 INFO  o.a.catalina.core.StandardService - Starting service [Tomcat]
2025-03-21 11:59:22 INFO  o.a.catalina.core.StandardEngine - Starting Servlet engine: [Apache Tomcat/10.1.36]
2025-03-21 11:59:22 INFO  o.a.c.c.C.[Tomcat].[localhost].[/] - Initializing Spring embedded WebApplicationContext
2025-03-21 11:59:22 INFO  o.s.b.w.s.c.ServletWebServerApplicationContext - Root WebApplicationContext: initialization completed in 6859 ms
2025-03-21 11:59:23 INFO  o.h.jpa.internal.util.LogHelper - HHH000204: Processing PersistenceUnitInfo [name: default]
2025-03-21 11:59:23 INFO  org.hibernate.Version - HHH000412: Hibernate ORM core version 6.6.8.Final
2025-03-21 11:59:24 INFO  o.h.c.i.RegionFactoryInitiator - HHH000026: Second-level cache disabled
2025-03-21 11:59:24 INFO  o.s.o.j.p.SpringPersistenceUnitInfo - No LoadTimeWeaver setup: ignoring JPA class transformer
2025-03-21 11:59:24 INFO  com.zaxxer.hikari.HikariDataSource - HikariPool-1 - Starting...
2025-03-21 11:59:25 INFO  com.zaxxer.hikari.pool.HikariPool - HikariPool-1 - Added connection com.mysql.cj.jdbc.ConnectionImpl@33568e26
2025-03-21 11:59:25 INFO  com.zaxxer.hikari.HikariDataSource - HikariPool-1 - Start completed.
2025-03-21 11:59:25 WARN  org.hibernate.orm.deprecation - HHH90000025: MySQL8Dialect does not need to be specified explicitly using 'hibernate.dialect' (remove the property setting and it will be selected by default)
2025-03-21 11:59:25 WARN  org.hibernate.orm.deprecation - HHH90000026: MySQL8Dialect has been deprecated; use org.hibernate.dialect.MySQLDialect instead
2025-03-21 11:59:25 INFO  o.hibernate.orm.connections.pooling - HHH10001005: Database info:
	Database JDBC URL [Connecting through datasource 'HikariDataSource (HikariPool-1)']
	Database driver: undefined/unknown
	Database version: 8.0
	Autocommit mode: undefined/unknown
	Isolation level: undefined/unknown
	Minimum pool size: undefined/unknown
	Maximum pool size: undefined/unknown
2025-03-21 11:59:27 INFO  o.h.e.t.j.p.i.JtaPlatformInitiator - HHH000489: No JTA platform available (set 'hibernate.transaction.jta.platform' to enable JTA platform integration)
2025-03-21 11:59:27 INFO  o.s.o.j.LocalContainerEntityManagerFactoryBean - Initialized JPA EntityManagerFactory for persistence unit 'default'
2025-03-21 11:59:28 WARN  o.s.b.a.o.j.JpaBaseConfiguration$JpaWebConfiguration - spring.jpa.open-in-view is enabled by default. Therefore, database queries may be performed during view rendering. Explicitly configure spring.jpa.open-in-view to disable this warning
2025-03-21 11:59:31 INFO  o.s.b.a.e.web.EndpointLinksResolver - Exposing 15 endpoints beneath base path '/actuator'
2025-03-21 11:59:31 INFO  o.a.coyote.http11.Http11NioProtocol - Starting ProtocolHandler ["http-nio-8080"]
2025-03-21 11:59:31 INFO  o.s.b.w.e.tomcat.TomcatWebServer - Tomcat started on port 8080 (http) with context path '/'
2025-03-21 11:59:31 INFO  c.e.o.OnlineBookstoreApplication - Started OnlineBookstoreApplication in 16.965 seconds (process running for 18.213)
2025-03-21 11:59:56 INFO  o.a.c.c.C.[Tomcat].[localhost].[/] - Initializing Spring DispatcherServlet 'dispatcherServlet'
2025-03-21 11:59:56 INFO  o.s.web.servlet.DispatcherServlet - Initializing Servlet 'dispatcherServlet'
2025-03-21 11:59:56 INFO  o.s.web.servlet.DispatcherServlet - Completed initialization in 7 ms
2025-03-21 11:59:56 INFO  c.e.o.controller.BookController - Fetching all books...
2025-03-21 11:59:56 INFO  c.e.o.service.BookService - Fetching all books
2025-03-21 11:59:57 INFO  c.e.o.aspect.ExecutionTimeAspect - List com.example.online_bookstore.service.BookService.getAllBooks() executed in 497 ms
2025-03-21 12:02:43 WARN  o.s.w.s.m.s.DefaultHandlerExceptionResolver - Resolved [org.springframework.web.HttpRequestMethodNotSupportedException: Request method 'PUT' is not supported]
2025-03-21 12:03:04 INFO  c.e.o.controller.BookController - Received request to add a new book: India that is barath
2025-03-21 12:03:04 INFO  c.e.o.service.BookService - Adding a new book: India that is barath
2025-03-21 12:03:05 INFO  c.e.o.aspect.ExecutionTimeAspect - Book com.example.online_bookstore.service.BookService.addBook(Book) executed in 511 ms
2025-03-21 12:03:05 INFO  c.e.o.controller.BookController - Book added successfully: 7
2025-03-21 12:04:21 INFO  c.e.o.controller.BookController - Fetching book with ID: 7
2025-03-21 12:04:21 INFO  c.e.o.service.BookService - Fetching book with id 7
2025-03-21 12:04:21 INFO  c.e.o.aspect.ExecutionTimeAspect - Optional com.example.online_bookstore.service.BookService.getBookById(Long) executed in 170 ms
2025-03-21 12:04:21 INFO  c.e.o.controller.BookController - Book found: India that is barath
2025-03-21 12:06:01 WARN  o.s.w.s.m.s.DefaultHandlerExceptionResolver - Resolved [org.springframework.web.method.annotation.MethodArgumentTypeMismatchException: Method parameter 'id': Failed to convert value of type 'java.lang.String' to required type 'java.lang.Long'; For input string: "{7}"]
2025-03-21 12:06:24 INFO  c.e.o.controller.BookController - Updating book with ID: 7
2025-03-21 12:06:24 INFO  c.e.o.service.BookService - Updating book with id 7
2025-03-21 12:06:24 INFO  c.e.o.aspect.ExecutionTimeAspect - Book com.example.online_bookstore.service.BookService.updateBook(Long,Book) executed in 189 ms
2025-03-21 12:06:24 INFO  c.e.o.controller.BookController - Book updated successfully: 7
2025-03-21 12:07:00 INFO  c.e.o.controller.BookController - Deleting book with ID: 7
2025-03-21 12:07:00 WARN  c.e.o.service.BookService - Deleting book with id 7
2025-03-21 12:07:00 INFO  c.e.o.aspect.ExecutionTimeAspect - void com.example.online_bookstore.service.BookService.deleteBook(Long) executed in 130 ms
2025-03-21 12:07:00 INFO  c.e.o.controller.BookController - Book deleted successfully: 7
2025-03-21 12:07:47 INFO  c.e.o.controller.BookController - Fetching all books...
2025-03-21 12:07:47 INFO  c.e.o.service.BookService - Fetching all books
2025-03-21 12:07:47 INFO  c.e.o.aspect.ExecutionTimeAspect - List com.example.online_bookstore.service.BookService.getAllBooks() executed in 50 ms
2025-03-21 12:08:06 WARN  o.s.w.s.m.s.DefaultHandlerExceptionResolver - Resolved [org.springframework.web.HttpRequestMethodNotSupportedException: Request method 'POST' is not supported]
2025-03-21 12:08:17 INFO  c.e.o.controller.BookController - Received request to add a new book: India that is barath
2025-03-21 12:08:17 INFO  c.e.o.service.BookService - Adding a new book: India that is barath
2025-03-21 12:08:18 INFO  c.e.o.aspect.ExecutionTimeAspect - Book com.example.online_bookstore.service.BookService.addBook(Book) executed in 22 ms
2025-03-21 12:08:18 INFO  c.e.o.controller.BookController - Book added successfully: 8
2025-03-21 12:08:21 INFO  c.e.o.controller.BookController - Fetching all books...
2025-03-21 12:08:21 INFO  c.e.o.service.BookService - Fetching all books
2025-03-21 12:08:21 INFO  c.e.o.aspect.ExecutionTimeAspect - List com.example.online_bookstore.service.BookService.getAllBooks() executed in 12 ms
2025-03-21 12:08:23 INFO  c.e.o.controller.BookController - Fetching all books...
2025-03-21 12:08:23 INFO  c.e.o.service.BookService - Fetching all books
2025-03-21 12:08:23 INFO  c.e.o.aspect.ExecutionTimeAspect - List com.example.online_bookstore.service.BookService.getAllBooks() executed in 6 ms
2025-03-21 12:09:43 INFO  o.s.b.w.e.tomcat.GracefulShutdown - Commencing graceful shutdown. Waiting for active requests to complete
2025-03-21 12:09:43 INFO  o.s.b.w.e.tomcat.GracefulShutdown - Graceful shutdown complete
2025-03-21 12:09:43 INFO  o.s.o.j.LocalContainerEntityManagerFactoryBean - Closing JPA EntityManagerFactory for persistence unit 'default'
2025-03-21 12:09:44 INFO  com.zaxxer.hikari.HikariDataSource - HikariPool-1 - Shutdown initiated...
2025-03-21 12:09:44 INFO  com.zaxxer.hikari.HikariDataSource - HikariPool-1 - Shutdown completed.
2025-03-21 12:11:13 INFO  c.e.o.OnlineBookstoreApplication - Starting OnlineBookstoreApplication using Java 23.0.2 with PID 39376 (C:\Users\Pavan K S\Desktop\online-bookstore\online-bookstore\target\classes started by Pavan K S in C:\Users\Pavan K S\Desktop\online-bookstore)
2025-03-21 12:11:13 INFO  c.e.o.OnlineBookstoreApplication - No active profile set, falling back to 1 default profile: "default"
2025-03-21 12:11:15 INFO  o.s.d.r.c.RepositoryConfigurationDelegate - Bootstrapping Spring Data JPA repositories in DEFAULT mode.
2025-03-21 12:11:16 INFO  o.s.d.r.c.RepositoryConfigurationDelegate - Finished Spring Data repository scanning in 94 ms. Found 1 JPA repository interface.
2025-03-21 12:11:18 INFO  o.s.b.w.e.tomcat.TomcatWebServer - Tomcat initialized with port 8080 (http)
2025-03-21 12:11:18 INFO  o.a.coyote.http11.Http11NioProtocol - Initializing ProtocolHandler ["http-nio-8080"]
2025-03-21 12:11:18 INFO  o.a.catalina.core.StandardService - Starting service [Tomcat]
2025-03-21 12:11:18 INFO  o.a.catalina.core.StandardEngine - Starting Servlet engine: [Apache Tomcat/10.1.36]
2025-03-21 12:11:18 INFO  o.a.c.c.C.[Tomcat].[localhost].[/] - Initializing Spring embedded WebApplicationContext
2025-03-21 12:11:18 INFO  o.s.b.w.s.c.ServletWebServerApplicationContext - Root WebApplicationContext: initialization completed in 5053 ms
2025-03-21 12:11:19 INFO  o.h.jpa.internal.util.LogHelper - HHH000204: Processing PersistenceUnitInfo [name: default]
2025-03-21 12:11:19 INFO  org.hibernate.Version - HHH000412: Hibernate ORM core version 6.6.8.Final
2025-03-21 12:11:19 INFO  o.h.c.i.RegionFactoryInitiator - HHH000026: Second-level cache disabled
2025-03-21 12:11:20 INFO  o.s.o.j.p.SpringPersistenceUnitInfo - No LoadTimeWeaver setup: ignoring JPA class transformer
2025-03-21 12:11:20 INFO  com.zaxxer.hikari.HikariDataSource - HikariPool-1 - Starting...
2025-03-21 12:11:20 INFO  com.zaxxer.hikari.pool.HikariPool - HikariPool-1 - Added connection com.mysql.cj.jdbc.ConnectionImpl@6d7556a8
2025-03-21 12:11:20 INFO  com.zaxxer.hikari.HikariDataSource - HikariPool-1 - Start completed.
2025-03-21 12:11:20 WARN  org.hibernate.orm.deprecation - HHH90000025: MySQL8Dialect does not need to be specified explicitly using 'hibernate.dialect' (remove the property setting and it will be selected by default)
2025-03-21 12:11:20 WARN  org.hibernate.orm.deprecation - HHH90000026: MySQL8Dialect has been deprecated; use org.hibernate.dialect.MySQLDialect instead
2025-03-21 12:11:20 INFO  o.hibernate.orm.connections.pooling - HHH10001005: Database info:
	Database JDBC URL [Connecting through datasource 'HikariDataSource (HikariPool-1)']
	Database driver: undefined/unknown
	Database version: 8.0
	Autocommit mode: undefined/unknown
	Isolation level: undefined/unknown
	Minimum pool size: undefined/unknown
	Maximum pool size: undefined/unknown
2025-03-21 12:11:22 INFO  o.h.e.t.j.p.i.JtaPlatformInitiator - HHH000489: No JTA platform available (set 'hibernate.transaction.jta.platform' to enable JTA platform integration)
2025-03-21 12:11:22 INFO  o.s.o.j.LocalContainerEntityManagerFactoryBean - Initialized JPA EntityManagerFactory for persistence unit 'default'
2025-03-21 12:11:22 WARN  o.s.b.a.o.j.JpaBaseConfiguration$JpaWebConfiguration - spring.jpa.open-in-view is enabled by default. Therefore, database queries may be performed during view rendering. Explicitly configure spring.jpa.open-in-view to disable this warning
2025-03-21 12:11:24 INFO  o.s.b.a.e.web.EndpointLinksResolver - Exposing 15 endpoints beneath base path '/actuator'
2025-03-21 12:11:24 INFO  o.a.coyote.http11.Http11NioProtocol - Starting ProtocolHandler ["http-nio-8080"]
2025-03-21 12:11:24 INFO  o.s.b.w.e.tomcat.TomcatWebServer - Tomcat started on port 8080 (http) with context path '/'
2025-03-21 12:11:24 INFO  c.e.o.OnlineBookstoreApplication - Started OnlineBookstoreApplication in 13.542 seconds (process running for 15.206)
2025-03-21 12:11:32 INFO  o.a.c.c.C.[Tomcat].[localhost].[/] - Initializing Spring DispatcherServlet 'dispatcherServlet'
2025-03-21 12:11:32 INFO  o.s.web.servlet.DispatcherServlet - Initializing Servlet 'dispatcherServlet'
2025-03-21 12:11:32 INFO  o.s.web.servlet.DispatcherServlet - Completed initialization in 3 ms
2025-03-21 12:11:33 INFO  c.e.o.controller.BookController - Updating book with ID: 10
2025-03-21 12:11:33 INFO  c.e.o.service.BookService - Updating book with id 10
2025-03-21 12:11:33 ERROR c.e.o.service.BookService - Book with id 10 not found
2025-03-21 12:11:33 INFO  c.e.o.aspect.ExecutionTimeAspect - Book com.example.online_bookstore.service.BookService.updateBook(Long,Book) executed in 150 ms
2025-03-21 12:11:33 WARN  c.e.o.controller.BookController - Book with ID 10 not found for update
2025-03-21 12:12:00 INFO  o.s.b.w.e.tomcat.GracefulShutdown - Commencing graceful shutdown. Waiting for active requests to complete
2025-03-21 12:12:00 INFO  o.s.b.w.e.tomcat.GracefulShutdown - Graceful shutdown complete
2025-03-21 12:12:00 INFO  o.s.o.j.LocalContainerEntityManagerFactoryBean - Closing JPA EntityManagerFactory for persistence unit 'default'
2025-03-21 12:12:00 INFO  com.zaxxer.hikari.HikariDataSource - HikariPool-1 - Shutdown initiated...
2025-03-21 12:12:00 INFO  com.zaxxer.hikari.HikariDataSource - HikariPool-1 - Shutdown completed.
